{"timestamp": "2026-06-27T04:22:50.836713", "level": "INFO", "logger": "api.routes.documents", "message": "Starting document ingestion from: ../../documents", "module": "documents", "function": "ingest_documents", "line": 26}
{"timestamp": "2026-06-27T04:22:50.837171", "level": "ERROR", "logger": "api.routes.documents", "message": "Ingestion error: Directory not found: ../../documents", "module": "documents", "function": "ingest_documents", "line": 59}
{"timestamp": "2026-06-27T04:23:41.283674", "level": "INFO", "logger": "api.routes.documents", "message": "Starting document ingestion from: ../../documents", "module": "documents", "function": "ingest_documents", "line": 26}
{"timestamp": "2026-06-27T04:23:41.294540", "level": "ERROR", "logger": "api.routes.documents", "message": "Ingestion error: Directory not found: ../../documents", "module": "documents", "function": "ingest_documents", "line": 59}
{"timestamp": "2026-06-27T04:24:48.230307", "level": "INFO", "logger": "api.routes.documents", "message": "Starting document ingestion from: ../../documents", "module": "documents", "function": "ingest_documents", "line": 26}
{"timestamp": "2026-06-27T04:24:48.230968", "level": "ERROR", "logger": "api.routes.documents", "message": "Ingestion error: Directory not found: ../../documents", "module": "documents", "function": "ingest_documents", "line": 59}
{"timestamp": "2026-06-27T04:28:06.351406", "level": "INFO", "logger": "api.routes.documents", "message": "Starting document ingestion from: ../../documents", "module": "documents", "function": "ingest_documents", "line": 26}
{"timestamp": "2026-06-27T04:28:06.351797", "level": "ERROR", "logger": "api.routes.documents", "message": "Ingestion error: Directory not found: ../../documents", "module": "documents", "function": "ingest_documents", "line": 59}
{"timestamp": "2026-06-27T04:28:07.837475", "level": "INFO", "logger": "api.routes.documents", "message": "Starting document ingestion from: ../../documents", "module": "documents", "function": "ingest_documents", "line": 26}
{"timestamp": "2026-06-27T04:28:07.837773", "level": "ERROR", "logger": "api.routes.documents", "message": "Ingestion error: Directory not found: ../../documents", "module": "documents", "function": "ingest_documents", "line": 59}
{"timestamp": "2026-06-27T04:28:50.020564", "level": "INFO", "logger": "api.routes.documents", "message": "Starting document ingestion from: ../../documents", "module": "documents", "function": "ingest_documents", "line": 26}
{"timestamp": "2026-06-27T04:28:50.021450", "level": "ERROR", "logger": "api.routes.documents", "message": "Ingestion error: Directory not found: ../../documents", "module": "documents", "function": "ingest_documents", "line": 59}
{"timestamp": "2026-06-27T04:29:40.148615", "level": "INFO", "logger": "api.routes.documents", "message": "Starting document ingestion from: ../../documents", "module": "documents", "function": "ingest_documents", "line": 26}
{"timestamp": "2026-06-27T04:29:40.149025", "level": "ERROR", "logger": "api.routes.documents", "message": "Ingestion error: Directory not found: ../../documents", "module": "documents", "function": "ingest_documents", "line": 59}
{"timestamp": "2026-06-27T04:31:49.710946", "level": "INFO", "logger": "api.routes.documents", "message": "Starting document ingestion from: ../../documents", "module": "documents", "function": "ingest_documents", "line": 26}
{"timestamp": "2026-06-27T04:31:49.711452", "level": "ERROR", "logger": "api.routes.documents", "message": "Ingestion error: Directory not found: ../../documents", "module": "documents", "function": "ingest_documents", "line": 59}
{"timestamp": "2026-06-27T04:32:47.121507", "level": "INFO", "logger": "api.routes.documents", "message": "Starting document ingestion from: ../../documents", "module": "documents", "function": "ingest_documents", "line": 26}
{"timestamp": "2026-06-27T04:32:47.121933", "level": "ERROR", "logger": "api.routes.documents", "message": "Ingestion error: Directory not found: ../../documents", "module": "documents", "function": "ingest_documents", "line": 59}
{"timestamp": "2026-06-27T04:35:58.655908", "level": "INFO", "logger": "api.routes.documents", "message": "Starting document ingestion from: ../../documents", "module": "documents", "function": "ingest_documents", "line": 26}
{"timestamp": "2026-06-27T04:35:58.656505", "level": "ERROR", "logger": "api.routes.documents", "message": "Ingestion error: Directory not found: ../../documents", "module": "documents", "function": "ingest_documents", "line": 59}
{"timestamp": "2026-06-27T04:36:05.390937", "level": "INFO", "logger": "api.routes.documents", "message": "Starting document ingestion from: ../../documents", "module": "documents", "function": "ingest_documents", "line": 26}
{"timestamp": "2026-06-27T04:36:05.391283", "level": "ERROR", "logger": "api.routes.documents", "message": "Ingestion error: Directory not found: ../../documents", "module": "documents", "function": "ingest_documents", "line": 59}
{"timestamp": "2026-06-27T04:38:39.470801", "level": "INFO", "logger": "api.routes.documents", "message": "Starting document ingestion from: ../../documents", "module": "documents", "function": "ingest_documents", "line": 26}
{"timestamp": "2026-06-27T04:38:39.471593", "level": "ERROR", "logger": "api.routes.documents", "message": "Ingestion error: Directory not found: ../../documents", "module": "documents", "function": "ingest_documents", "line": 59}
{"timestamp": "2026-06-27T04:41:53.127855", "level": "INFO", "logger": "api.routes.documents", "message": "Starting document ingestion from: C:\\\\JarvisAI\\\\documents", "module": "documents", "function": "ingest_documents", "line": 26}
{"timestamp": "2026-06-27T04:41:53.332487", "level": "INFO", "logger": "api.routes.documents", "message": "Loaded 10 documents", "module": "documents", "function": "ingest_documents", "line": 34}
{"timestamp": "2026-06-27T04:41:53.357211", "level": "INFO", "logger": "api.routes.documents", "message": "Created 10 chunks", "module": "documents", "function": "ingest_documents", "line": 40}
