{"timestamp": "2026-06-27T04:41:53.333051", "level": "INFO", "logger": "app.rag.chunker", "message": "TextChunker initialized with size=1000, overlap=200", "module": "chunker", "function": "__init__", "line": 24}
{"timestamp": "2026-06-27T04:41:53.334405", "level": "INFO", "logger": "app.rag.chunker", "message": "Split text into 1 chunks", "module": "chunker", "function": "split_text", "line": 60}
{"timestamp": "2026-06-27T04:41:53.335876", "level": "INFO", "logger": "app.rag.chunker", "message": "Chunked document '01 - Empresa - VertexCode.pdf' into 1 chunks", "module": "chunker", "function": "chunk_document", "line": 86}
{"timestamp": "2026-06-27T04:41:53.336435", "level": "INFO", "logger": "app.rag.chunker", "message": "Split text into 1 chunks", "module": "chunker", "function": "split_text", "line": 60}
{"timestamp": "2026-06-27T04:41:53.337005", "level": "INFO", "logger": "app.rag.chunker", "message": "Chunked document '02 - Manual da Ivy.pdf' into 1 chunks", "module": "chunker", "function": "chunk_document", "line": 86}
{"timestamp": "2026-06-27T04:41:53.337584", "level": "INFO", "logger": "app.rag.chunker", "message": "Split text into 1 chunks", "module": "chunker", "function": "split_text", "line": 60}
{"timestamp": "2026-06-27T04:41:53.339261", "level": "INFO", "logger": "app.rag.chunker", "message": "Chunked document '03 - Serviços.pdf' into 1 chunks", "module": "chunker", "function": "chunk_document", "line": 86}
{"timestamp": "2026-06-27T04:41:53.340163", "level": "INFO", "logger": "app.rag.chunker", "message": "Split text into 1 chunks", "module": "chunker", "function": "split_text", "line": 60}
{"timestamp": "2026-06-27T04:41:53.341481", "level": "INFO", "logger": "app.rag.chunker", "message": "Chunked document '04 - FAQ.pdf' into 1 chunks", "module": "chunker", "function": "chunk_document", "line": 86}
{"timestamp": "2026-06-27T04:41:53.343340", "level": "INFO", "logger": "app.rag.chunker", "message": "Split text into 1 chunks", "module": "chunker", "function": "split_text", "line": 60}
{"timestamp": "2026-06-27T04:41:53.344902", "level": "INFO", "logger": "app.rag.chunker", "message": "Chunked document '05 - Processos Internos.pdf' into 1 chunks", "module": "chunker", "function": "chunk_document", "line": 86}
{"timestamp": "2026-06-27T04:41:53.345364", "level": "INFO", "logger": "app.rag.chunker", "message": "Split text into 1 chunks", "module": "chunker", "function": "split_text", "line": 60}
{"timestamp": "2026-06-27T04:41:53.345887", "level": "INFO", "logger": "app.rag.chunker", "message": "Chunked document '06 - Segurança da Informaçăo.pdf' into 1 chunks", "module": "chunker", "function": "chunk_document", "line": 86}
{"timestamp": "2026-06-27T04:41:53.346265", "level": "INFO", "logger": "app.rag.chunker", "message": "Split text into 1 chunks", "module": "chunker", "function": "split_text", "line": 60}
{"timestamp": "2026-06-27T04:41:53.347989", "level": "INFO", "logger": "app.rag.chunker", "message": "Chunked document '07 - Atendimento ao Cliente.pdf' into 1 chunks", "module": "chunker", "function": "chunk_document", "line": 86}
{"timestamp": "2026-06-27T04:41:53.349329", "level": "INFO", "logger": "app.rag.chunker", "message": "Split text into 1 chunks", "module": "chunker", "function": "split_text", "line": 60}
{"timestamp": "2026-06-27T04:41:53.350259", "level": "INFO", "logger": "app.rag.chunker", "message": "Chunked document '08 - Tecnologias Utilizadas.pdf' into 1 chunks", "module": "chunker", "function": "chunk_document", "line": 86}
{"timestamp": "2026-06-27T04:41:53.351271", "level": "INFO", "logger": "app.rag.chunker", "message": "Split text into 1 chunks", "module": "chunker", "function": "split_text", "line": 60}
{"timestamp": "2026-06-27T04:41:53.351843", "level": "INFO", "logger": "app.rag.chunker", "message": "Chunked document '09 - Estrutura Organizacional.pdf' into 1 chunks", "module": "chunker", "function": "chunk_document", "line": 86}
{"timestamp": "2026-06-27T04:41:53.352476", "level": "INFO", "logger": "app.rag.chunker", "message": "Split text into 1 chunks", "module": "chunker", "function": "split_text", "line": 60}
{"timestamp": "2026-06-27T04:41:53.353306", "level": "INFO", "logger": "app.rag.chunker", "message": "Chunked document '10 - Projetos.pdf' into 1 chunks", "module": "chunker", "function": "chunk_document", "line": 86}
{"timestamp": "2026-06-27T04:41:53.356190", "level": "INFO", "logger": "app.rag.chunker", "message": "Chunked 10 documents into 10 total chunks", "module": "chunker", "function": "chunk_documents", "line": 104}
